\BOOKMARK [1][-]{section.1}{Obiettivo}{}% 1
\BOOKMARK [1][-]{section.2}{Selezione degli attributi}{}% 2
\BOOKMARK [2][-]{subsection.2.1}{Dati del paziente}{section.2}% 3
\BOOKMARK [2][-]{subsection.2.2}{Parametri della seduta di dialisi}{section.2}% 4
\BOOKMARK [2][-]{subsection.2.3}{Attributi derivati}{section.2}% 5
\BOOKMARK [2][-]{subsection.2.4}{Sintomatologie}{section.2}% 6
\BOOKMARK [1][-]{section.3}{Selezione dei dati}{}% 7
\BOOKMARK [2][-]{subsection.3.1}{Creazione dei valori derivati}{section.3}% 8
\BOOKMARK [2][-]{subsection.3.2}{Associazione con sintomatologie}{section.3}% 9
\BOOKMARK [2][-]{subsection.3.3}{Associazione con dati del paziente}{section.3}% 10
\BOOKMARK [2][-]{subsection.3.4}{Migrazione dei dati}{section.3}% 11
\BOOKMARK [1][-]{section.4}{Pulizia dei dati}{}% 12
\BOOKMARK [2][-]{subsection.4.1}{Calcolo dello score}{section.4}% 13
\BOOKMARK [2][-]{subsection.4.2}{Pazienti rilevanti}{section.4}% 14
\BOOKMARK [2][-]{subsection.4.3}{Gestione dei valori nulli}{section.4}% 15
\BOOKMARK [1][-]{section.5}{Apprendimento di regole}{}% 16
\BOOKMARK [2][-]{subsection.5.1}{Alberi di decisione}{section.5}% 17
\BOOKMARK [2][-]{subsection.5.2}{Costruzione dell'albero di decisione}{section.5}% 18
\BOOKMARK [2][-]{subsection.5.3}{Scelta dell'attributo pi\371 discriminante}{section.5}% 19
\BOOKMARK [3][-]{subsubsection.5.3.1}{Entropia}{subsection.5.3}% 20
\BOOKMARK [3][-]{subsubsection.5.3.2}{Information Gain}{subsection.5.3}% 21
\BOOKMARK [2][-]{subsection.5.4}{Considerazioni sui sistemi TDIDT}{section.5}% 22
\BOOKMARK [2][-]{subsection.5.5}{C4.5}{section.5}% 23
\BOOKMARK [1][-]{section.6}{Test dell'algoritmo}{}% 24
\BOOKMARK [2][-]{subsection.6.1}{Test su algoritmi di IA}{section.6}% 25
\BOOKMARK [2][-]{subsection.6.2}{K-Fold Cross-Validation}{section.6}% 26
\BOOKMARK [1][-]{section.7}{Implementazione in Prolog}{}% 27
\BOOKMARK [2][-]{subsection.7.1}{Utility}{section.7}% 28
\BOOKMARK [3][-]{subsubsection.7.1.1}{util.pl}{subsection.7.1}% 29
\BOOKMARK [2][-]{subsection.7.2}{Avvio del programma}{section.7}% 30
\BOOKMARK [2][-]{subsection.7.3}{Lettura dal database}{section.7}% 31
\BOOKMARK [3][-]{subsubsection.7.3.1}{Connessione}{subsection.7.3}% 32
\BOOKMARK [3][-]{subsubsection.7.3.2}{Lettura sintomi}{subsection.7.3}% 33
\BOOKMARK [3][-]{subsubsection.7.3.3}{Lettura degli esempi}{subsection.7.3}% 34
\BOOKMARK [2][-]{subsection.7.4}{Suddivisione attributi in range}{section.7}% 35
\BOOKMARK [2][-]{subsection.7.5}{Apprendimento e test}{section.7}% 36
\BOOKMARK [3][-]{subsubsection.7.5.1}{Suddivisione in fold}{subsection.7.5}% 37
\BOOKMARK [3][-]{subsubsection.7.5.2}{Apprendimento}{subsection.7.5}% 38
\BOOKMARK [3][-]{subsubsection.7.5.3}{Generazione di regole}{subsection.7.5}% 39
\BOOKMARK [3][-]{subsubsection.7.5.4}{Test del passo}{subsection.7.5}% 40
\BOOKMARK [2][-]{subsection.7.6}{Terminazione dell'apprendimento}{section.7}% 41
\BOOKMARK [3][-]{subsubsection.7.6.1}{Generazione regole}{subsection.7.6}% 42
\BOOKMARK [3][-]{subsubsection.7.6.2}{Test finale}{subsection.7.6}% 43
\BOOKMARK [3][-]{subsubsection.7.6.3}{Stampa report}{subsection.7.6}% 44
\BOOKMARK [3][-]{subsubsection.7.6.4}{Salvataggio log e regole}{subsection.7.6}% 45
\BOOKMARK [1][-]{section.8}{Risultati}{}% 46
\BOOKMARK [2][-]{subsection.8.1}{Prime considerazioni}{section.8}% 47
\BOOKMARK [2][-]{subsection.8.2}{Eliminazione di KTV e QB}{section.8}% 48
\BOOKMARK [2][-]{subsection.8.3}{Altri sistemi}{section.8}% 49
\BOOKMARK [3][-]{subsubsection.8.3.1}{Weka}{subsection.8.3}% 50
\BOOKMARK [3][-]{subsubsection.8.3.2}{BayesDB}{subsection.8.3}% 51
\BOOKMARK [1][-]{section.9}{Sviluppi futuri}{}% 52
\BOOKMARK [1][-]{section.10}{References}{}% 53
\BOOKMARK [1][-]{appendix.A}{Importazione dei dati}{}% 54
\BOOKMARK [1][-]{appendix.B}{Setup di Weka}{}% 55
