=== Run information ===

Scheme:weka.classifiers.rules.ConjunctiveRule -D -N 3 -M 2.0 -P -1 -S 1
Relation:     QueryResult-weka.filters.unsupervised.attribute.Remove-R4-5-weka.filters.unsupervised.attribute.NumericToNominal-Rfirst,2,last
Instances:    200
Attributes:   19
              PATIENT_SEX
              PATIENT_RACE
              PATIENT_AGE
              PROG_WEIGHT_LOSS
              REAL_WEIGHT_LOSS
              DELTA_WEIGHT
              PROG_DURATION
              REAL_DURATION
              DELTA_DURATION
              SAP_START
              SAP_END
              AVG_SAP
              DAP_START
              DAP_END
              AVG_DAP
              BLOOD_VOLUME
              DELTA_BLOOD_FLOW
              DELTA_UF
              SYMPTOM_ID
Test mode:10-fold cross-validation

=== Classifier model (full training set) ===



Single conjunctive rule learner:
--------------------------------
(PATIENT_AGE <= 29653.5) => SYMPTOM_ID = 8

Class distributions:
Covered by the rule:
1 8 
0 1 

Not covered by the rule:
1 8 
0.893333  0.106667  

Time taken to build model: 0.21 seconds

=== Stratified cross-validation ===
=== Summary ===

Correctly Classified Instances         185               92.5    %
Incorrectly Classified Instances        15                7.5    %
Kappa statistic                          0.85  
K&B Relative Info Score              15450.1083 %
K&B Information Score                  154.5011 bits      0.7725 bits/instance
Class complexity | order 0             200      bits      1      bits/instance
Class complexity | scheme             1139.037  bits      5.6952 bits/instance
Complexity improvement     (Sf)       -939.037  bits     -4.6952 bits/instance
Mean absolute error                      0.1257
Root mean squared error                  0.26  
Relative absolute error                 25.1409 %
Root relative squared error             51.9929 %
Total Number of Instances              200     

=== Detailed Accuracy By Class ===

               TP Rate   FP Rate   Precision   Recall  F-Measure   ROC Area  Class
                 0.98      0.13       0.883     0.98      0.929      0.925    1
                 0.87      0.02       0.978     0.87      0.921      0.925    8
Weighted Avg.    0.925     0.075      0.93      0.925     0.925      0.925

=== Confusion Matrix ===

  a  b   <-- classified as
 98  2 |  a = 1
 13 87 |  b = 8

