=== Run information ===

Scheme:weka.classifiers.trees.J48graft -C 0.25 -M 2
Relation:     QueryResult-weka.filters.unsupervised.attribute.NumericToNominal-Rfirst,2,last
Instances:    119
Attributes:   21
              PATIENT_SEX
              PATIENT_RACE
              PATIENT_AGE
              KTV
              QB
              PROG_WEIGHT_LOSS
              REAL_WEIGHT_LOSS
              DELTA_WEIGHT
              PROG_DURATION
              REAL_DURATION
              DELTA_DURATION
              SAP_START
              SAP_END
              AVG_SAP
              DAP_START
              DAP_END
              AVG_DAP
              BLOOD_VOLUME
              DELTA_BLOOD_FLOW
              DELTA_UF
              SYMPTOM_ID
Test mode:10-fold cross-validation

=== Classifier model (full training set) ===

J48graft pruned tree
------------------

PATIENT_AGE <= 29463
|   QB <= 56.495156
|   |   PATIENT_AGE <= 25407.5: 2 (0.0|7.0)
|   |   PATIENT_AGE > 25407.5: 1 (2.9/0.92)
|   QB > 56.495156
|   |   DELTA_DURATION <= 0.5: 2 (16.1)
|   |   DELTA_DURATION > 0.5: 1 (0.0|64.0)
PATIENT_AGE > 29463: 1 (100.0/2.0)

Number of Leaves  : 	5

Size of the tree : 	9


Time taken to build model: 0.01 seconds

=== Stratified cross-validation ===
=== Summary ===

Correctly Classified Instances         113               94.958  %
Incorrectly Classified Instances         6                5.042  %
Kappa statistic                          0.8037
K&B Relative Info Score               8282.9543 %
K&B Information Score                   54.991  bits      0.4621 bits/instance
Class complexity | order 0              75.4728 bits      0.6342 bits/instance
Class complexity | scheme             2174.0601 bits     18.2694 bits/instance
Complexity improvement     (Sf)      -2098.5873 bits    -17.6352 bits/instance
Mean absolute error                      0.0695
Root mean squared error                  0.2223
Relative absolute error                 25.477  %
Root relative squared error             60.6698 %
Total Number of Instances              119     

=== Detailed Accuracy By Class ===

               TP Rate   FP Rate   Precision   Recall  F-Measure   ROC Area  Class
                 0.98      0.211      0.961     0.98      0.97       0.805    1
                 0.789     0.02       0.882     0.789     0.833      0.805    2
Weighted Avg.    0.95      0.18       0.948     0.95      0.948      0.805

=== Confusion Matrix ===

  a  b   <-- classified as
 98  2 |  a = 1
  4 15 |  b = 2

