=== Run information ===

Scheme:weka.classifiers.trees.J48graft -C 0.25 -M 2
Relation:     QueryResult-weka.filters.unsupervised.attribute.Remove-R4-5-weka.filters.unsupervised.attribute.NumericToNominal-Rfirst,2,last
Instances:    200
Attributes:   19
              PATIENT_SEX
              PATIENT_RACE
              PATIENT_AGE
              PROG_WEIGHT_LOSS
              REAL_WEIGHT_LOSS
              DELTA_WEIGHT
              PROG_DURATION
              REAL_DURATION
              DELTA_DURATION
              SAP_START
              SAP_END
              AVG_SAP
              DAP_START
              DAP_END
              AVG_DAP
              BLOOD_VOLUME
              DELTA_BLOOD_FLOW
              DELTA_UF
              SYMPTOM_ID
Test mode:10-fold cross-validation

=== Classifier model (full training set) ===

J48graft pruned tree
------------------

PATIENT_AGE <= 29067: 8 (88.0/1.0)
PATIENT_AGE > 29067
|   PATIENT_AGE <= 30141
|   |   DAP_START <= 79: 1 (93.0/1.0)
|   |   DAP_START > 79
|   |   |   DELTA_BLOOD_FLOW <= 12: 8 (5.0/1.0)
|   |   |   DELTA_BLOOD_FLOW > 12: 1 (6.0)
|   PATIENT_AGE > 30141: 8 (8.0)

Number of Leaves  :   5

Size of the tree :  9


Time taken to build model: 0.01 seconds

=== Stratified cross-validation ===
=== Summary ===

Correctly Classified Instances         187               93.5    %
Incorrectly Classified Instances        13                6.5    %
Kappa statistic                          0.87  
K&B Relative Info Score              17151.616  %
K&B Information Score                  171.5162 bits      0.8576 bits/instance
Class complexity | order 0             200      bits      1      bits/instance
Class complexity | scheme             5418.9668 bits     27.0948 bits/instance
Complexity improvement     (Sf)      -5218.9668 bits    -26.0948 bits/instance
Mean absolute error                      0.0735
Root mean squared error                  0.2512
Relative absolute error                 14.7    %
Root relative squared error             50.2437 %
Total Number of Instances              200     

=== Detailed Accuracy By Class ===

               TP Rate   FP Rate   Precision   Recall  F-Measure   ROC Area  Class
                 0.95      0.08       0.922     0.95      0.936      0.932    1
                 0.92      0.05       0.948     0.92      0.934      0.932    8
Weighted Avg.    0.935     0.065      0.935     0.935     0.935      0.932

=== Confusion Matrix ===

  a  b   <-- classified as
 95  5 |  a = 1
  8 92 |  b = 8

